<?xml version="1.0" encoding="UTF-8"?>
<testsuite name="UDPClientTest" tests="2" skipped="0" failures="0" errors="0" timestamp="2020-05-03T18:22:36" hostname="DESKTOP-MUT6QI6" time="0.005">
  <properties/>
  <testcase name="updateTest" classname="UDPClientTest" time="0.005"/>
  <testcase name="getTypeTest" classname="UDPClientTest" time="0.0"/>
  <system-out><![CDATA[]]></system-out>
  <system-err><![CDATA[]]></system-err>
</testsuite>
